[02-Sep-2019 08:53:42 UTC] PHP Notice:  Array to string conversion in /app/public/index.php on line 6
[02-Sep-2019 08:53:42 UTC] PHP Notice:  Array to string conversion in /app/public/index.php on line 6
[02-Sep-2019 08:54:09 UTC] PHP Notice:  Array to string conversion in /app/public/index.php on line 6
[02-Sep-2019 08:54:10 UTC] PHP Notice:  Array to string conversion in /app/public/index.php on line 6
[02-Sep-2019 08:56:07 UTC] PHP Fatal error:  Uncaught Error: Function name must be a string in /app/public/index.php:6
Stack trace:
#0 {main}
  thrown in /app/public/index.php on line 6
[02-Sep-2019 08:56:07 UTC] PHP Fatal error:  Uncaught Error: Function name must be a string in /app/public/index.php:6
Stack trace:
#0 {main}
  thrown in /app/public/index.php on line 6
[02-Sep-2019 08:56:15 UTC] PHP Fatal error:  Uncaught Error: Function name must be a string in /app/public/index.php:6
Stack trace:
#0 {main}
  thrown in /app/public/index.php on line 6
[02-Sep-2019 08:56:16 UTC] PHP Fatal error:  Uncaught Error: Function name must be a string in /app/public/index.php:6
Stack trace:
#0 {main}
  thrown in /app/public/index.php on line 6
[02-Sep-2019 09:41:00 UTC] PHP Warning:  Use of undefined constant name - assumed 'name' (this will throw an Error in a future version of PHP) in /app/public/index.php on line 13
[02-Sep-2019 09:41:00 UTC] PHP Warning:  Use of undefined constant name - assumed 'name' (this will throw an Error in a future version of PHP) in /app/public/index.php on line 13
[02-Sep-2019 09:43:27 UTC] PHP Warning:  Use of undefined constant name - assumed 'name' (this will throw an Error in a future version of PHP) in /app/public/index.php on line 14
[02-Sep-2019 09:43:27 UTC] PHP Warning:  Use of undefined constant wears - assumed 'wears' (this will throw an Error in a future version of PHP) in /app/public/index.php on line 14
[02-Sep-2019 09:43:27 UTC] PHP Warning:  Use of undefined constant color - assumed 'color' (this will throw an Error in a future version of PHP) in /app/public/index.php on line 14
[02-Sep-2019 09:43:27 UTC] PHP Warning:  Use of undefined constant name - assumed 'name' (this will throw an Error in a future version of PHP) in /app/public/index.php on line 14
[02-Sep-2019 09:43:27 UTC] PHP Warning:  Use of undefined constant wears - assumed 'wears' (this will throw an Error in a future version of PHP) in /app/public/index.php on line 14
[02-Sep-2019 09:43:27 UTC] PHP Warning:  Use of undefined constant color - assumed 'color' (this will throw an Error in a future version of PHP) in /app/public/index.php on line 14
[02-Sep-2019 09:43:50 UTC] PHP Warning:  Use of undefined constant name - assumed 'name' (this will throw an Error in a future version of PHP) in /app/public/index.php on line 14
[02-Sep-2019 09:43:50 UTC] PHP Warning:  Use of undefined constant wears - assumed 'wears' (this will throw an Error in a future version of PHP) in /app/public/index.php on line 14
[02-Sep-2019 09:43:50 UTC] PHP Warning:  Use of undefined constant color - assumed 'color' (this will throw an Error in a future version of PHP) in /app/public/index.php on line 14
[02-Sep-2019 09:43:50 UTC] PHP Warning:  Use of undefined constant name - assumed 'name' (this will throw an Error in a future version of PHP) in /app/public/index.php on line 14
[02-Sep-2019 09:43:50 UTC] PHP Warning:  Use of undefined constant wears - assumed 'wears' (this will throw an Error in a future version of PHP) in /app/public/index.php on line 14
[02-Sep-2019 09:43:50 UTC] PHP Warning:  Use of undefined constant color - assumed 'color' (this will throw an Error in a future version of PHP) in /app/public/index.php on line 14
[02-Sep-2019 09:44:01 UTC] PHP Warning:  Use of undefined constant name - assumed 'name' (this will throw an Error in a future version of PHP) in /app/public/index.php on line 14
[02-Sep-2019 09:44:01 UTC] PHP Warning:  Use of undefined constant wears - assumed 'wears' (this will throw an Error in a future version of PHP) in /app/public/index.php on line 14
[02-Sep-2019 09:44:01 UTC] PHP Warning:  Use of undefined constant color - assumed 'color' (this will throw an Error in a future version of PHP) in /app/public/index.php on line 14
[02-Sep-2019 09:44:01 UTC] PHP Warning:  Use of undefined constant name - assumed 'name' (this will throw an Error in a future version of PHP) in /app/public/index.php on line 14
[02-Sep-2019 09:44:01 UTC] PHP Warning:  Use of undefined constant wears - assumed 'wears' (this will throw an Error in a future version of PHP) in /app/public/index.php on line 14
[02-Sep-2019 09:44:01 UTC] PHP Warning:  Use of undefined constant color - assumed 'color' (this will throw an Error in a future version of PHP) in /app/public/index.php on line 14
[02-Sep-2019 09:52:24 UTC] PHP Notice:  Undefined variable: posts in /app/public/index.php on line 23
[02-Sep-2019 09:52:24 UTC] PHP Warning:  Invalid argument supplied for foreach() in /app/public/index.php on line 23
[02-Sep-2019 09:52:25 UTC] PHP Notice:  Undefined variable: posts in /app/public/index.php on line 23
[02-Sep-2019 09:52:25 UTC] PHP Warning:  Invalid argument supplied for foreach() in /app/public/index.php on line 23
[02-Sep-2019 09:52:25 UTC] PHP Notice:  Undefined variable: posts in /app/public/index.php on line 23
[02-Sep-2019 09:52:25 UTC] PHP Warning:  Invalid argument supplied for foreach() in /app/public/index.php on line 23
[02-Sep-2019 09:53:34 UTC] PHP Notice:  Undefined variable: posts in /app/public/index.php on line 23
[02-Sep-2019 09:53:34 UTC] PHP Warning:  Invalid argument supplied for foreach() in /app/public/index.php on line 23
[02-Sep-2019 09:53:34 UTC] PHP Notice:  Undefined variable: posts in /app/public/index.php on line 23
[02-Sep-2019 09:53:34 UTC] PHP Warning:  Invalid argument supplied for foreach() in /app/public/index.php on line 23
[02-Sep-2019 09:54:00 UTC] PHP Notice:  Undefined variable: posts in /app/public/index.php on line 23
[02-Sep-2019 09:54:00 UTC] PHP Warning:  Invalid argument supplied for foreach() in /app/public/index.php on line 23
[02-Sep-2019 09:54:01 UTC] PHP Notice:  Undefined variable: posts in /app/public/index.php on line 23
[02-Sep-2019 09:54:01 UTC] PHP Warning:  Invalid argument supplied for foreach() in /app/public/index.php on line 23
[02-Sep-2019 09:58:20 UTC] PHP Notice:  Undefined variable: list in /app/public/index.php on line 7
[02-Sep-2019 09:58:20 UTC] PHP Notice:  Undefined variable: posts in /app/public/index.php on line 23
[02-Sep-2019 09:58:20 UTC] PHP Warning:  Invalid argument supplied for foreach() in /app/public/index.php on line 23
[02-Sep-2019 09:58:20 UTC] PHP Notice:  Undefined variable: list in /app/public/index.php on line 7
[02-Sep-2019 09:58:20 UTC] PHP Notice:  Undefined variable: posts in /app/public/index.php on line 23
[02-Sep-2019 09:58:20 UTC] PHP Warning:  Invalid argument supplied for foreach() in /app/public/index.php on line 23
[02-Sep-2019 10:05:00 UTC] PHP Parse error:  syntax error, unexpected '}' in /app/public/index.php on line 13
[02-Sep-2019 10:05:00 UTC] PHP Parse error:  syntax error, unexpected '}' in /app/public/index.php on line 13
[02-Sep-2019 10:09:33 UTC] PHP Notice:  Undefined variable: posts in /app/public/index.php on line 5
[02-Sep-2019 10:09:33 UTC] PHP Warning:  Invalid argument supplied for foreach() in /app/public/index.php on line 5
[02-Sep-2019 10:09:34 UTC] PHP Notice:  Undefined variable: posts in /app/public/index.php on line 5
[02-Sep-2019 10:09:34 UTC] PHP Warning:  Invalid argument supplied for foreach() in /app/public/index.php on line 5
[02-Sep-2019 10:13:30 UTC] PHP Notice:  Undefined variable: posts in /app/public/index.php on line 5
[02-Sep-2019 10:13:30 UTC] PHP Warning:  Invalid argument supplied for foreach() in /app/public/index.php on line 5
[02-Sep-2019 10:13:30 UTC] PHP Notice:  Undefined variable: posts in /app/public/index.php on line 5
[02-Sep-2019 10:13:30 UTC] PHP Warning:  Invalid argument supplied for foreach() in /app/public/index.php on line 5
[02-Sep-2019 10:13:33 UTC] PHP Notice:  Undefined variable: posts in /app/public/index.php on line 5
[02-Sep-2019 10:13:33 UTC] PHP Warning:  Invalid argument supplied for foreach() in /app/public/index.php on line 5
[02-Sep-2019 10:16:24 UTC] PHP Warning:  include(model.php): failed to open stream: No such file or directory in /app/public/index.php on line 4
[02-Sep-2019 10:16:24 UTC] PHP Warning:  include(): Failed opening 'model.php' for inclusion (include_path='.:/usr/share/php:/www/wp-content/pear') in /app/public/index.php on line 4
[02-Sep-2019 10:16:24 UTC] PHP Notice:  Undefined variable: posts in /app/public/index.php on line 6
[02-Sep-2019 10:16:24 UTC] PHP Warning:  Invalid argument supplied for foreach() in /app/public/index.php on line 6
[02-Sep-2019 10:16:24 UTC] PHP Warning:  include(model.php): failed to open stream: No such file or directory in /app/public/index.php on line 4
[02-Sep-2019 10:16:24 UTC] PHP Warning:  include(): Failed opening 'model.php' for inclusion (include_path='.:/usr/share/php:/www/wp-content/pear') in /app/public/index.php on line 4
[02-Sep-2019 10:16:24 UTC] PHP Notice:  Undefined variable: posts in /app/public/index.php on line 6
[02-Sep-2019 10:16:24 UTC] PHP Warning:  Invalid argument supplied for foreach() in /app/public/index.php on line 6
[02-Sep-2019 10:19:15 UTC] PHP Warning:  include(model.php): failed to open stream: No such file or directory in /app/public/index.php on line 4
[02-Sep-2019 10:19:15 UTC] PHP Warning:  include(): Failed opening 'model.php' for inclusion (include_path='.:/usr/share/php:/www/wp-content/pear') in /app/public/index.php on line 4
[02-Sep-2019 10:19:15 UTC] PHP Notice:  Undefined variable: posts in /app/public/index.php on line 6
[02-Sep-2019 10:19:15 UTC] PHP Warning:  Invalid argument supplied for foreach() in /app/public/index.php on line 6
[02-Sep-2019 10:19:18 UTC] PHP Warning:  include(model.php): failed to open stream: No such file or directory in /app/public/index.php on line 4
[02-Sep-2019 10:19:18 UTC] PHP Warning:  include(): Failed opening 'model.php' for inclusion (include_path='.:/usr/share/php:/www/wp-content/pear') in /app/public/index.php on line 4
[02-Sep-2019 10:19:18 UTC] PHP Notice:  Undefined variable: posts in /app/public/index.php on line 6
[02-Sep-2019 10:19:18 UTC] PHP Warning:  Invalid argument supplied for foreach() in /app/public/index.php on line 6
[02-Sep-2019 10:19:18 UTC] PHP Warning:  include(model.php): failed to open stream: No such file or directory in /app/public/index.php on line 4
[02-Sep-2019 10:19:18 UTC] PHP Warning:  include(): Failed opening 'model.php' for inclusion (include_path='.:/usr/share/php:/www/wp-content/pear') in /app/public/index.php on line 4
[02-Sep-2019 10:19:18 UTC] PHP Notice:  Undefined variable: posts in /app/public/index.php on line 6
[02-Sep-2019 10:19:18 UTC] PHP Warning:  Invalid argument supplied for foreach() in /app/public/index.php on line 6
[02-Sep-2019 10:19:28 UTC] PHP Warning:  include(model.php): failed to open stream: No such file or directory in /app/public/index.php on line 4
[02-Sep-2019 10:19:28 UTC] PHP Warning:  include(): Failed opening 'model.php' for inclusion (include_path='.:/usr/share/php:/www/wp-content/pear') in /app/public/index.php on line 4
[02-Sep-2019 10:19:28 UTC] PHP Notice:  Undefined variable: posts in /app/public/index.php on line 6
[02-Sep-2019 10:19:28 UTC] PHP Warning:  Invalid argument supplied for foreach() in /app/public/index.php on line 6
[02-Sep-2019 10:19:28 UTC] PHP Warning:  include(model.php): failed to open stream: No such file or directory in /app/public/index.php on line 4
[02-Sep-2019 10:19:28 UTC] PHP Warning:  include(): Failed opening 'model.php' for inclusion (include_path='.:/usr/share/php:/www/wp-content/pear') in /app/public/index.php on line 4
[02-Sep-2019 10:19:28 UTC] PHP Notice:  Undefined variable: posts in /app/public/index.php on line 6
[02-Sep-2019 10:19:28 UTC] PHP Warning:  Invalid argument supplied for foreach() in /app/public/index.php on line 6
[02-Sep-2019 10:27:06 UTC] PHP Warning:  include(model.php): failed to open stream: No such file or directory in /app/public/index.php on line 4
[02-Sep-2019 10:27:06 UTC] PHP Warning:  include(): Failed opening 'model.php' for inclusion (include_path='.:/usr/share/php:/www/wp-content/pear') in /app/public/index.php on line 4
[02-Sep-2019 10:27:06 UTC] PHP Notice:  Undefined variable: posts in /app/public/index.php on line 6
[02-Sep-2019 10:27:06 UTC] PHP Warning:  Invalid argument supplied for foreach() in /app/public/index.php on line 6
[02-Sep-2019 10:27:07 UTC] PHP Warning:  include(model.php): failed to open stream: No such file or directory in /app/public/index.php on line 4
[02-Sep-2019 10:27:07 UTC] PHP Warning:  include(): Failed opening 'model.php' for inclusion (include_path='.:/usr/share/php:/www/wp-content/pear') in /app/public/index.php on line 4
[02-Sep-2019 10:27:07 UTC] PHP Notice:  Undefined variable: posts in /app/public/index.php on line 6
[02-Sep-2019 10:27:07 UTC] PHP Warning:  Invalid argument supplied for foreach() in /app/public/index.php on line 6
[02-Sep-2019 10:34:52 UTC] PHP Warning:  include(model.php): failed to open stream: No such file or directory in /app/public/index.php on line 4
[02-Sep-2019 10:34:52 UTC] PHP Warning:  include(): Failed opening 'model.php' for inclusion (include_path='.:/usr/share/php:/www/wp-content/pear') in /app/public/index.php on line 4
[02-Sep-2019 10:34:52 UTC] PHP Notice:  Undefined variable: posts in /app/public/index.php on line 6
[02-Sep-2019 10:34:52 UTC] PHP Warning:  Invalid argument supplied for foreach() in /app/public/index.php on line 6
[02-Sep-2019 10:34:53 UTC] PHP Warning:  include(model.php): failed to open stream: No such file or directory in /app/public/index.php on line 4
[02-Sep-2019 10:34:53 UTC] PHP Warning:  include(): Failed opening 'model.php' for inclusion (include_path='.:/usr/share/php:/www/wp-content/pear') in /app/public/index.php on line 4
[02-Sep-2019 10:34:53 UTC] PHP Notice:  Undefined variable: posts in /app/public/index.php on line 6
[02-Sep-2019 10:34:53 UTC] PHP Warning:  Invalid argument supplied for foreach() in /app/public/index.php on line 6
[02-Sep-2019 10:35:23 UTC] PHP Warning:  include(model.php): failed to open stream: No such file or directory in /app/public/index.php on line 4
[02-Sep-2019 10:35:23 UTC] PHP Warning:  include(): Failed opening 'model.php' for inclusion (include_path='.:/usr/share/php:/www/wp-content/pear') in /app/public/index.php on line 4
[02-Sep-2019 10:35:23 UTC] PHP Notice:  Undefined variable: posts in /app/public/index.php on line 6
[02-Sep-2019 10:35:23 UTC] PHP Warning:  Invalid argument supplied for foreach() in /app/public/index.php on line 6
[02-Sep-2019 10:35:23 UTC] PHP Warning:  include(model.php): failed to open stream: No such file or directory in /app/public/index.php on line 4
[02-Sep-2019 10:35:23 UTC] PHP Warning:  include(): Failed opening 'model.php' for inclusion (include_path='.:/usr/share/php:/www/wp-content/pear') in /app/public/index.php on line 4
[02-Sep-2019 10:35:23 UTC] PHP Notice:  Undefined variable: posts in /app/public/index.php on line 6
[02-Sep-2019 10:35:23 UTC] PHP Warning:  Invalid argument supplied for foreach() in /app/public/index.php on line 6
[02-Sep-2019 23:28:07 UTC] PHP Warning:  include(model.php): failed to open stream: No such file or directory in /app/public/index.php on line 4
[02-Sep-2019 23:28:07 UTC] PHP Warning:  include(): Failed opening 'model.php' for inclusion (include_path='.:/usr/share/php:/www/wp-content/pear') in /app/public/index.php on line 4
[02-Sep-2019 23:28:07 UTC] PHP Notice:  Undefined variable: posts in /app/public/index.php on line 6
[02-Sep-2019 23:28:07 UTC] PHP Warning:  Invalid argument supplied for foreach() in /app/public/index.php on line 6
[02-Sep-2019 23:28:08 UTC] PHP Warning:  include(model.php): failed to open stream: No such file or directory in /app/public/index.php on line 4
[02-Sep-2019 23:28:08 UTC] PHP Warning:  include(): Failed opening 'model.php' for inclusion (include_path='.:/usr/share/php:/www/wp-content/pear') in /app/public/index.php on line 4
[02-Sep-2019 23:28:08 UTC] PHP Notice:  Undefined variable: posts in /app/public/index.php on line 6
[02-Sep-2019 23:28:08 UTC] PHP Warning:  Invalid argument supplied for foreach() in /app/public/index.php on line 6
[04-Sep-2019 10:43:29 UTC] PHP Notice:  Undefined index: Author in /app/public/index.php on line 24
[04-Sep-2019 10:43:29 UTC] PHP Warning:  Use of undefined constant wrote - assumed 'wrote' (this will throw an Error in a future version of PHP) in /app/public/index.php on line 24
[04-Sep-2019 10:43:29 UTC] PHP Notice:  Undefined index: Content in /app/public/index.php on line 24
[04-Sep-2019 10:43:29 UTC] PHP Notice:  Undefined index: Author in /app/public/index.php on line 24
[04-Sep-2019 10:43:29 UTC] PHP Warning:  Use of undefined constant wrote - assumed 'wrote' (this will throw an Error in a future version of PHP) in /app/public/index.php on line 24
[04-Sep-2019 10:43:29 UTC] PHP Notice:  Undefined index: Content in /app/public/index.php on line 24
[04-Sep-2019 10:44:49 UTC] PHP Notice:  Undefined index: Author in /app/public/index.php on line 24
[04-Sep-2019 10:44:49 UTC] PHP Warning:  Use of undefined constant wrote - assumed 'wrote' (this will throw an Error in a future version of PHP) in /app/public/index.php on line 24
[04-Sep-2019 10:44:49 UTC] PHP Notice:  Undefined index: Content in /app/public/index.php on line 24
[04-Sep-2019 10:44:49 UTC] PHP Notice:  Undefined index: Author in /app/public/index.php on line 24
[04-Sep-2019 10:44:49 UTC] PHP Warning:  Use of undefined constant wrote - assumed 'wrote' (this will throw an Error in a future version of PHP) in /app/public/index.php on line 24
[04-Sep-2019 10:44:49 UTC] PHP Notice:  Undefined index: Content in /app/public/index.php on line 24
[04-Sep-2019 10:49:40 UTC] PHP Notice:  Undefined index: Content in /app/public/index.php on line 24
[04-Sep-2019 10:49:40 UTC] PHP Notice:  Undefined index: Author in /app/public/index.php on line 25
[04-Sep-2019 10:49:40 UTC] PHP Notice:  Undefined index: Content in /app/public/index.php on line 24
[04-Sep-2019 10:49:40 UTC] PHP Notice:  Undefined index: Author in /app/public/index.php on line 25
[04-Sep-2019 10:50:04 UTC] PHP Notice:  Undefined index: Content in /app/public/index.php on line 24
[04-Sep-2019 10:50:04 UTC] PHP Notice:  Undefined index: Author in /app/public/index.php on line 25
[04-Sep-2019 10:50:05 UTC] PHP Notice:  Undefined index: Content in /app/public/index.php on line 24
[04-Sep-2019 10:50:05 UTC] PHP Notice:  Undefined index: Author in /app/public/index.php on line 25
[09-Sep-2019 08:06:54 UTC] PHP Notice:  Array to string conversion in /app/public/db.info.php on line 55
[09-Sep-2019 08:07:33 UTC] PHP Notice:  Array to string conversion in /app/public/db.info.php on line 55
[09-Sep-2019 08:08:23 UTC] PHP Notice:  Undefined index: title in /app/public/db.info.php on line 55
[09-Sep-2019 08:11:14 UTC] PHP Notice:  Undefined index: title in /app/public/db.info.php on line 55
[09-Sep-2019 08:11:57 UTC] PHP Notice:  Undefined index: title in /app/public/db.info.php on line 55
[09-Sep-2019 08:12:39 UTC] PHP Notice:  Undefined index: title in /app/public/db.info.php on line 55
[09-Sep-2019 08:13:17 UTC] PHP Notice:  Undefined offset: 3 in /app/public/db.info.php on line 55
[09-Sep-2019 08:14:06 UTC] PHP Notice:  Undefined offset: 3 in /app/public/db.info.php on line 55
[09-Sep-2019 08:15:08 UTC] PHP Notice:  Undefined offset: 3 in /app/public/db.info.php on line 55
[09-Sep-2019 08:19:18 UTC] PHP Notice:  Undefined offset: 3 in /app/public/db.info.php on line 55
[09-Sep-2019 08:21:39 UTC] PHP Notice:  Undefined index: title in /app/public/db.info.php on line 55
[09-Sep-2019 08:29:15 UTC] PHP Notice:  Undefined variable: posts in /app/public/index.php on line 13
[09-Sep-2019 08:29:15 UTC] PHP Warning:  Invalid argument supplied for foreach() in /app/public/index.php on line 13
[09-Sep-2019 08:29:23 UTC] PHP Notice:  Undefined variable: posts in /app/public/index.php on line 13
[09-Sep-2019 08:29:23 UTC] PHP Warning:  Invalid argument supplied for foreach() in /app/public/index.php on line 13
[09-Sep-2019 08:29:23 UTC] PHP Notice:  Undefined variable: posts in /app/public/index.php on line 13
[09-Sep-2019 08:29:23 UTC] PHP Warning:  Invalid argument supplied for foreach() in /app/public/index.php on line 13
[09-Sep-2019 08:29:23 UTC] PHP Notice:  Undefined variable: posts in /app/public/index.php on line 13
[09-Sep-2019 08:29:23 UTC] PHP Warning:  Invalid argument supplied for foreach() in /app/public/index.php on line 13
[09-Sep-2019 08:29:59 UTC] PHP Notice:  Undefined variable: posts in /app/public/index.php on line 13
[09-Sep-2019 08:29:59 UTC] PHP Warning:  Invalid argument supplied for foreach() in /app/public/index.php on line 13
[09-Sep-2019 08:29:59 UTC] PHP Notice:  Undefined variable: posts in /app/public/index.php on line 13
[09-Sep-2019 08:29:59 UTC] PHP Warning:  Invalid argument supplied for foreach() in /app/public/index.php on line 13
[09-Sep-2019 08:30:00 UTC] PHP Notice:  Undefined variable: posts in /app/public/index.php on line 13
[09-Sep-2019 08:30:00 UTC] PHP Warning:  Invalid argument supplied for foreach() in /app/public/index.php on line 13
[09-Sep-2019 08:31:10 UTC] PHP Notice:  Undefined variable: posts in /app/public/index.php on line 13
[09-Sep-2019 08:31:10 UTC] PHP Warning:  Invalid argument supplied for foreach() in /app/public/index.php on line 13
[09-Sep-2019 08:31:10 UTC] PHP Notice:  Undefined variable: posts in /app/public/index.php on line 13
[09-Sep-2019 08:31:10 UTC] PHP Warning:  Invalid argument supplied for foreach() in /app/public/index.php on line 13
[09-Sep-2019 08:31:10 UTC] PHP Notice:  Undefined variable: posts in /app/public/index.php on line 13
[09-Sep-2019 08:31:10 UTC] PHP Warning:  Invalid argument supplied for foreach() in /app/public/index.php on line 13
[09-Sep-2019 08:31:12 UTC] PHP Notice:  Undefined variable: posts in /app/public/index.php on line 13
[09-Sep-2019 08:31:12 UTC] PHP Warning:  Invalid argument supplied for foreach() in /app/public/index.php on line 13
[09-Sep-2019 08:31:12 UTC] PHP Notice:  Undefined variable: posts in /app/public/index.php on line 13
[09-Sep-2019 08:31:12 UTC] PHP Warning:  Invalid argument supplied for foreach() in /app/public/index.php on line 13
[09-Sep-2019 08:31:12 UTC] PHP Notice:  Undefined variable: posts in /app/public/index.php on line 13
[09-Sep-2019 08:31:12 UTC] PHP Warning:  Invalid argument supplied for foreach() in /app/public/index.php on line 13
[09-Sep-2019 08:32:03 UTC] PHP Notice:  Undefined variable: posts in /app/public/index.php on line 13
[09-Sep-2019 08:32:03 UTC] PHP Warning:  Invalid argument supplied for foreach() in /app/public/index.php on line 13
[09-Sep-2019 08:32:03 UTC] PHP Notice:  Undefined variable: posts in /app/public/index.php on line 13
[09-Sep-2019 08:32:03 UTC] PHP Warning:  Invalid argument supplied for foreach() in /app/public/index.php on line 13
[09-Sep-2019 08:32:03 UTC] PHP Notice:  Undefined variable: posts in /app/public/index.php on line 13
[09-Sep-2019 08:32:03 UTC] PHP Warning:  Invalid argument supplied for foreach() in /app/public/index.php on line 13
[09-Sep-2019 09:40:15 UTC] PHP Notice:  Undefined index: author_name in /app/public/index.php on line 16
[09-Sep-2019 09:40:15 UTC] PHP Notice:  Undefined index: author_name in /app/public/index.php on line 16
[09-Sep-2019 09:40:15 UTC] PHP Notice:  Undefined index: author_name in /app/public/index.php on line 16
[09-Sep-2019 09:40:15 UTC] PHP Notice:  Undefined index: author_name in /app/public/index.php on line 16
[09-Sep-2019 09:40:15 UTC] PHP Notice:  Undefined index: author_name in /app/public/index.php on line 16
[09-Sep-2019 09:40:15 UTC] PHP Notice:  Undefined index: author_name in /app/public/index.php on line 16
[09-Sep-2019 09:40:15 UTC] PHP Notice:  Undefined index: author_name in /app/public/index.php on line 16
[09-Sep-2019 09:40:15 UTC] PHP Notice:  Undefined index: author_name in /app/public/index.php on line 16
[09-Sep-2019 09:40:15 UTC] PHP Notice:  Undefined index: author_name in /app/public/index.php on line 16
[09-Sep-2019 09:40:15 UTC] PHP Notice:  Undefined index: author_name in /app/public/index.php on line 16
[09-Sep-2019 09:41:47 UTC] PHP Notice:  Undefined index: author_name in /app/public/index.php on line 16
[09-Sep-2019 09:41:47 UTC] PHP Notice:  Undefined index: author_name in /app/public/index.php on line 16
[09-Sep-2019 09:41:47 UTC] PHP Notice:  Undefined index: author_name in /app/public/index.php on line 16
[09-Sep-2019 09:41:47 UTC] PHP Notice:  Undefined index: author_name in /app/public/index.php on line 16
[09-Sep-2019 09:41:47 UTC] PHP Notice:  Undefined index: author_name in /app/public/index.php on line 16
[09-Sep-2019 09:41:47 UTC] PHP Notice:  Undefined index: author_name in /app/public/index.php on line 16
[09-Sep-2019 09:41:47 UTC] PHP Notice:  Undefined index: author_name in /app/public/index.php on line 16
[09-Sep-2019 09:41:47 UTC] PHP Notice:  Undefined index: author_name in /app/public/index.php on line 16
[09-Sep-2019 09:41:47 UTC] PHP Notice:  Undefined index: author_name in /app/public/index.php on line 16
[09-Sep-2019 09:41:47 UTC] PHP Notice:  Undefined index: author_name in /app/public/index.php on line 16
[09-Sep-2019 09:52:55 UTC] PHP Notice:  Undefined index: author_name in /app/public/index.php on line 16
[09-Sep-2019 09:52:55 UTC] PHP Notice:  Undefined variable: GET_ in /app/public/index.php on line 16
[09-Sep-2019 09:52:55 UTC] PHP Notice:  Undefined index: author_name in /app/public/index.php on line 16
[09-Sep-2019 09:52:55 UTC] PHP Notice:  Undefined variable: GET_ in /app/public/index.php on line 16
[09-Sep-2019 09:52:55 UTC] PHP Notice:  Undefined index: author_name in /app/public/index.php on line 16
[09-Sep-2019 09:52:55 UTC] PHP Notice:  Undefined variable: GET_ in /app/public/index.php on line 16
[09-Sep-2019 09:52:55 UTC] PHP Notice:  Undefined index: author_name in /app/public/index.php on line 16
[09-Sep-2019 09:52:55 UTC] PHP Notice:  Undefined variable: GET_ in /app/public/index.php on line 16
[09-Sep-2019 09:52:55 UTC] PHP Notice:  Undefined index: author_name in /app/public/index.php on line 16
[09-Sep-2019 09:52:55 UTC] PHP Notice:  Undefined variable: GET_ in /app/public/index.php on line 16
[09-Sep-2019 09:52:55 UTC] PHP Notice:  Undefined index: author_name in /app/public/index.php on line 16
[09-Sep-2019 09:52:55 UTC] PHP Notice:  Undefined variable: GET_ in /app/public/index.php on line 16
[09-Sep-2019 09:52:55 UTC] PHP Notice:  Undefined index: author_name in /app/public/index.php on line 16
[09-Sep-2019 09:52:55 UTC] PHP Notice:  Undefined variable: GET_ in /app/public/index.php on line 16
[09-Sep-2019 09:52:55 UTC] PHP Notice:  Undefined index: author_name in /app/public/index.php on line 16
[09-Sep-2019 09:52:55 UTC] PHP Notice:  Undefined variable: GET_ in /app/public/index.php on line 16
[09-Sep-2019 09:52:55 UTC] PHP Notice:  Undefined index: author_name in /app/public/index.php on line 16
[09-Sep-2019 09:52:55 UTC] PHP Notice:  Undefined variable: GET_ in /app/public/index.php on line 16
[09-Sep-2019 09:52:55 UTC] PHP Notice:  Undefined index: author_name in /app/public/index.php on line 16
[09-Sep-2019 09:52:55 UTC] PHP Notice:  Undefined variable: GET_ in /app/public/index.php on line 16
[09-Sep-2019 10:00:40 UTC] PHP Notice:  Undefined index: author_name in /app/public/index.php on line 16
[09-Sep-2019 10:00:40 UTC] PHP Notice:  Undefined variable: GET_ in /app/public/index.php on line 16
[09-Sep-2019 10:00:40 UTC] PHP Notice:  Undefined index: author_name in /app/public/index.php on line 16
[09-Sep-2019 10:00:40 UTC] PHP Notice:  Undefined variable: GET_ in /app/public/index.php on line 16
[09-Sep-2019 10:00:40 UTC] PHP Notice:  Undefined index: author_name in /app/public/index.php on line 16
[09-Sep-2019 10:00:40 UTC] PHP Notice:  Undefined variable: GET_ in /app/public/index.php on line 16
[09-Sep-2019 10:00:40 UTC] PHP Notice:  Undefined index: author_name in /app/public/index.php on line 16
[09-Sep-2019 10:00:40 UTC] PHP Notice:  Undefined variable: GET_ in /app/public/index.php on line 16
[09-Sep-2019 10:00:40 UTC] PHP Notice:  Undefined index: author_name in /app/public/index.php on line 16
[09-Sep-2019 10:00:40 UTC] PHP Notice:  Undefined variable: GET_ in /app/public/index.php on line 16
[09-Sep-2019 10:00:40 UTC] PHP Notice:  Undefined index: author_name in /app/public/index.php on line 16
[09-Sep-2019 10:00:40 UTC] PHP Notice:  Undefined variable: GET_ in /app/public/index.php on line 16
[09-Sep-2019 10:00:40 UTC] PHP Notice:  Undefined index: author_name in /app/public/index.php on line 16
[09-Sep-2019 10:00:40 UTC] PHP Notice:  Undefined variable: GET_ in /app/public/index.php on line 16
[09-Sep-2019 10:00:40 UTC] PHP Notice:  Undefined index: author_name in /app/public/index.php on line 16
[09-Sep-2019 10:00:40 UTC] PHP Notice:  Undefined variable: GET_ in /app/public/index.php on line 16
[09-Sep-2019 10:00:40 UTC] PHP Notice:  Undefined index: author_name in /app/public/index.php on line 16
[09-Sep-2019 10:00:40 UTC] PHP Notice:  Undefined variable: GET_ in /app/public/index.php on line 16
[09-Sep-2019 10:00:40 UTC] PHP Notice:  Undefined index: author_name in /app/public/index.php on line 16
[09-Sep-2019 10:00:40 UTC] PHP Notice:  Undefined variable: GET_ in /app/public/index.php on line 16
[09-Sep-2019 10:09:31 UTC] PHP Notice:  Undefined index: author_name in /app/public/index.php on line 16
[09-Sep-2019 10:09:31 UTC] PHP Notice:  Undefined variable: GET_ in /app/public/index.php on line 16
[09-Sep-2019 10:09:31 UTC] PHP Notice:  Undefined index: author_name in /app/public/index.php on line 16
[09-Sep-2019 10:09:31 UTC] PHP Notice:  Undefined variable: GET_ in /app/public/index.php on line 16
[09-Sep-2019 10:09:31 UTC] PHP Notice:  Undefined index: author_name in /app/public/index.php on line 16
[09-Sep-2019 10:09:31 UTC] PHP Notice:  Undefined variable: GET_ in /app/public/index.php on line 16
[09-Sep-2019 10:09:31 UTC] PHP Notice:  Undefined index: author_name in /app/public/index.php on line 16
[09-Sep-2019 10:09:31 UTC] PHP Notice:  Undefined variable: GET_ in /app/public/index.php on line 16
[09-Sep-2019 10:09:31 UTC] PHP Notice:  Undefined index: author_name in /app/public/index.php on line 16
[09-Sep-2019 10:09:31 UTC] PHP Notice:  Undefined variable: GET_ in /app/public/index.php on line 16
[09-Sep-2019 10:09:31 UTC] PHP Notice:  Undefined index: author_name in /app/public/index.php on line 16
[09-Sep-2019 10:09:31 UTC] PHP Notice:  Undefined variable: GET_ in /app/public/index.php on line 16
[09-Sep-2019 10:09:31 UTC] PHP Notice:  Undefined index: author_name in /app/public/index.php on line 16
[09-Sep-2019 10:09:31 UTC] PHP Notice:  Undefined variable: GET_ in /app/public/index.php on line 16
[09-Sep-2019 10:09:31 UTC] PHP Notice:  Undefined index: author_name in /app/public/index.php on line 16
[09-Sep-2019 10:09:31 UTC] PHP Notice:  Undefined variable: GET_ in /app/public/index.php on line 16
[09-Sep-2019 10:09:31 UTC] PHP Notice:  Undefined index: author_name in /app/public/index.php on line 16
[09-Sep-2019 10:09:31 UTC] PHP Notice:  Undefined variable: GET_ in /app/public/index.php on line 16
[09-Sep-2019 10:09:31 UTC] PHP Notice:  Undefined index: author_name in /app/public/index.php on line 16
[09-Sep-2019 10:09:31 UTC] PHP Notice:  Undefined variable: GET_ in /app/public/index.php on line 16
[09-Sep-2019 10:11:12 UTC] PHP Notice:  Undefined variable: GET_ in /app/public/index.php on line 16
[09-Sep-2019 10:11:12 UTC] PHP Notice:  Undefined variable: GET_ in /app/public/index.php on line 16
[09-Sep-2019 10:11:12 UTC] PHP Notice:  Undefined variable: GET_ in /app/public/index.php on line 16
[09-Sep-2019 10:11:12 UTC] PHP Notice:  Undefined variable: GET_ in /app/public/index.php on line 16
[09-Sep-2019 10:11:12 UTC] PHP Notice:  Undefined variable: GET_ in /app/public/index.php on line 16
[09-Sep-2019 10:11:12 UTC] PHP Notice:  Undefined variable: GET_ in /app/public/index.php on line 16
[09-Sep-2019 10:11:12 UTC] PHP Notice:  Undefined variable: GET_ in /app/public/index.php on line 16
[09-Sep-2019 10:11:12 UTC] PHP Notice:  Undefined variable: GET_ in /app/public/index.php on line 16
[09-Sep-2019 10:11:12 UTC] PHP Notice:  Undefined variable: GET_ in /app/public/index.php on line 16
[09-Sep-2019 10:11:12 UTC] PHP Notice:  Undefined variable: GET_ in /app/public/index.php on line 16
[09-Sep-2019 10:11:54 UTC] PHP Notice:  Undefined index: author_name in /app/public/index.php on line 16
[09-Sep-2019 10:11:54 UTC] PHP Notice:  Undefined variable: GET_ in /app/public/index.php on line 16
[09-Sep-2019 10:11:54 UTC] PHP Notice:  Undefined index: author_name in /app/public/index.php on line 16
[09-Sep-2019 10:11:54 UTC] PHP Notice:  Undefined variable: GET_ in /app/public/index.php on line 16
[09-Sep-2019 10:11:54 UTC] PHP Notice:  Undefined index: author_name in /app/public/index.php on line 16
[09-Sep-2019 10:11:54 UTC] PHP Notice:  Undefined variable: GET_ in /app/public/index.php on line 16
[09-Sep-2019 10:11:54 UTC] PHP Notice:  Undefined index: author_name in /app/public/index.php on line 16
[09-Sep-2019 10:11:54 UTC] PHP Notice:  Undefined variable: GET_ in /app/public/index.php on line 16
[09-Sep-2019 10:11:54 UTC] PHP Notice:  Undefined index: author_name in /app/public/index.php on line 16
[09-Sep-2019 10:11:54 UTC] PHP Notice:  Undefined variable: GET_ in /app/public/index.php on line 16
[09-Sep-2019 10:11:54 UTC] PHP Notice:  Undefined index: author_name in /app/public/index.php on line 16
[09-Sep-2019 10:11:54 UTC] PHP Notice:  Undefined variable: GET_ in /app/public/index.php on line 16
[09-Sep-2019 10:11:54 UTC] PHP Notice:  Undefined index: author_name in /app/public/index.php on line 16
[09-Sep-2019 10:11:54 UTC] PHP Notice:  Undefined variable: GET_ in /app/public/index.php on line 16
[09-Sep-2019 10:11:54 UTC] PHP Notice:  Undefined index: author_name in /app/public/index.php on line 16
[09-Sep-2019 10:11:54 UTC] PHP Notice:  Undefined variable: GET_ in /app/public/index.php on line 16
[09-Sep-2019 10:11:54 UTC] PHP Notice:  Undefined index: author_name in /app/public/index.php on line 16
[09-Sep-2019 10:11:54 UTC] PHP Notice:  Undefined variable: GET_ in /app/public/index.php on line 16
[09-Sep-2019 10:11:54 UTC] PHP Notice:  Undefined index: author_name in /app/public/index.php on line 16
[09-Sep-2019 10:11:54 UTC] PHP Notice:  Undefined variable: GET_ in /app/public/index.php on line 16
[09-Sep-2019 10:21:08 UTC] PHP Notice:  Undefined variable: GET_ in /app/public/index.php on line 16
[09-Sep-2019 10:21:08 UTC] PHP Notice:  Undefined variable: GET_ in /app/public/index.php on line 16
[09-Sep-2019 10:21:08 UTC] PHP Notice:  Undefined variable: GET_ in /app/public/index.php on line 16
[09-Sep-2019 10:21:08 UTC] PHP Notice:  Undefined variable: GET_ in /app/public/index.php on line 16
[09-Sep-2019 10:21:08 UTC] PHP Notice:  Undefined variable: GET_ in /app/public/index.php on line 16
[09-Sep-2019 10:21:09 UTC] PHP Notice:  Undefined variable: GET_ in /app/public/index.php on line 16
[09-Sep-2019 10:21:09 UTC] PHP Notice:  Undefined variable: GET_ in /app/public/index.php on line 16
[09-Sep-2019 10:21:09 UTC] PHP Notice:  Undefined variable: GET_ in /app/public/index.php on line 16
[09-Sep-2019 10:21:09 UTC] PHP Notice:  Undefined variable: GET_ in /app/public/index.php on line 16
[09-Sep-2019 10:21:09 UTC] PHP Notice:  Undefined variable: GET_ in /app/public/index.php on line 16
[09-Sep-2019 10:31:35 UTC] PHP Parse error:  syntax error, unexpected '}', expecting ';' in /app/public/index.php on line 19
[09-Sep-2019 10:31:35 UTC] PHP Parse error:  syntax error, unexpected '}', expecting ';' in /app/public/index.php on line 19
[10-Sep-2019 08:25:09 UTC] PHP Notice:  Array to string conversion in /app/public/index.php on line 5
[10-Sep-2019 08:25:09 UTC] PHP Notice:  Array to string conversion in /app/public/index.php on line 5
[10-Sep-2019 08:33:34 UTC] PHP Warning:  Use of undefined constant exsit - assumed 'exsit' (this will throw an Error in a future version of PHP) in /app/public/index.php on line 5
[10-Sep-2019 08:33:35 UTC] PHP Warning:  Use of undefined constant exsit - assumed 'exsit' (this will throw an Error in a future version of PHP) in /app/public/index.php on line 5
[10-Sep-2019 08:37:59 UTC] PHP Fatal error:  Uncaught Error: Call to undefined function dd() in /app/public/index.php:6
Stack trace:
#0 {main}
  thrown in /app/public/index.php on line 6
[10-Sep-2019 08:37:59 UTC] PHP Fatal error:  Uncaught Error: Call to undefined function dd() in /app/public/index.php:6
Stack trace:
#0 {main}
  thrown in /app/public/index.php on line 6
[10-Sep-2019 08:48:50 UTC] PHP Fatal error:  Uncaught Error: Call to undefined function dd() in /app/public/index.php:7
Stack trace:
#0 {main}
  thrown in /app/public/index.php on line 7
[10-Sep-2019 08:48:51 UTC] PHP Fatal error:  Uncaught Error: Call to undefined function dd() in /app/public/index.php:7
Stack trace:
#0 {main}
  thrown in /app/public/index.php on line 7
[10-Sep-2019 08:49:30 UTC] PHP Fatal error:  Uncaught Error: Call to undefined function dd() in /app/public/index.php:7
Stack trace:
#0 {main}
  thrown in /app/public/index.php on line 7
[10-Sep-2019 08:49:30 UTC] PHP Fatal error:  Uncaught Error: Call to undefined function dd() in /app/public/index.php:7
Stack trace:
#0 {main}
  thrown in /app/public/index.php on line 7
[10-Sep-2019 08:53:02 UTC] PHP Fatal error:  Uncaught Error: Call to undefined function dd() in /app/public/index.php:7
Stack trace:
#0 {main}
  thrown in /app/public/index.php on line 7
[10-Sep-2019 08:53:03 UTC] PHP Fatal error:  Uncaught Error: Call to undefined function dd() in /app/public/index.php:7
Stack trace:
#0 {main}
  thrown in /app/public/index.php on line 7
[10-Sep-2019 08:54:27 UTC] PHP Warning:  Use of undefined constant exsit - assumed 'exsit' (this will throw an Error in a future version of PHP) in /app/public/dev-function.php on line 5
[10-Sep-2019 08:54:27 UTC] PHP Warning:  Use of undefined constant exsit - assumed 'exsit' (this will throw an Error in a future version of PHP) in /app/public/dev-function.php on line 5
[10-Sep-2019 08:55:15 UTC] PHP Warning:  Use of undefined constant exsit - assumed 'exsit' (this will throw an Error in a future version of PHP) in /app/public/dev-function.php on line 5
[10-Sep-2019 08:55:16 UTC] PHP Warning:  Use of undefined constant exsit - assumed 'exsit' (this will throw an Error in a future version of PHP) in /app/public/dev-function.php on line 5
[10-Sep-2019 09:37:25 UTC] PHP Fatal error:  Uncaught Error: Array callback has to contain indices 0 and 1 in /app/public/index.php:21
Stack trace:
#0 {main}
  thrown in /app/public/index.php on line 21
[10-Sep-2019 09:37:25 UTC] PHP Fatal error:  Uncaught Error: Function name must be a string in /app/public/index.php:21
Stack trace:
#0 {main}
  thrown in /app/public/index.php on line 21
[10-Sep-2019 09:37:40 UTC] PHP Fatal error:  Uncaught Error: Array callback has to contain indices 0 and 1 in /app/public/index.php:21
Stack trace:
#0 {main}
  thrown in /app/public/index.php on line 21
[10-Sep-2019 09:37:41 UTC] PHP Fatal error:  Uncaught Error: Function name must be a string in /app/public/index.php:21
Stack trace:
#0 {main}
  thrown in /app/public/index.php on line 21
[10-Sep-2019 09:37:43 UTC] PHP Fatal error:  Uncaught Error: Array callback has to contain indices 0 and 1 in /app/public/index.php:21
Stack trace:
#0 {main}
  thrown in /app/public/index.php on line 21
[10-Sep-2019 09:37:43 UTC] PHP Fatal error:  Uncaught Error: Function name must be a string in /app/public/index.php:21
Stack trace:
#0 {main}
  thrown in /app/public/index.php on line 21
[10-Sep-2019 09:37:49 UTC] PHP Fatal error:  Uncaught Error: Array callback has to contain indices 0 and 1 in /app/public/index.php:21
Stack trace:
#0 {main}
  thrown in /app/public/index.php on line 21
[10-Sep-2019 09:37:49 UTC] PHP Fatal error:  Uncaught Error: Function name must be a string in /app/public/index.php:21
Stack trace:
#0 {main}
  thrown in /app/public/index.php on line 21
[10-Sep-2019 09:37:50 UTC] PHP Fatal error:  Uncaught Error: Array callback has to contain indices 0 and 1 in /app/public/index.php:21
Stack trace:
#0 {main}
  thrown in /app/public/index.php on line 21
[10-Sep-2019 09:37:50 UTC] PHP Fatal error:  Uncaught Error: Function name must be a string in /app/public/index.php:21
Stack trace:
#0 {main}
  thrown in /app/public/index.php on line 21
[10-Sep-2019 09:38:02 UTC] PHP Notice:  Undefined variable: posts in /app/public/index.php on line 11
[10-Sep-2019 09:38:02 UTC] PHP Warning:  Invalid argument supplied for foreach() in /app/public/index.php on line 11
[10-Sep-2019 09:38:02 UTC] PHP Fatal error:  Uncaught Error: Array callback has to contain indices 0 and 1 in /app/public/index.php:21
Stack trace:
#0 {main}
  thrown in /app/public/index.php on line 21
[10-Sep-2019 09:38:02 UTC] PHP Notice:  Undefined variable: posts in /app/public/index.php on line 11
[10-Sep-2019 09:38:02 UTC] PHP Warning:  Invalid argument supplied for foreach() in /app/public/index.php on line 11
[10-Sep-2019 09:38:02 UTC] PHP Fatal error:  Uncaught Error: Function name must be a string in /app/public/index.php:21
Stack trace:
#0 {main}
  thrown in /app/public/index.php on line 21
[10-Sep-2019 09:46:33 UTC] PHP Notice:  Undefined variable: posts in /app/public/index.php on line 11
[10-Sep-2019 09:46:33 UTC] PHP Warning:  Invalid argument supplied for foreach() in /app/public/index.php on line 11
[10-Sep-2019 09:46:33 UTC] PHP Notice:  Undefined index: name in /app/public/index.php on line 21
[10-Sep-2019 09:46:33 UTC] PHP Notice:  Undefined index: country in /app/public/index.php on line 21
[10-Sep-2019 09:46:33 UTC] PHP Notice:  Undefined variable: posts in /app/public/index.php on line 11
[10-Sep-2019 09:46:33 UTC] PHP Warning:  Invalid argument supplied for foreach() in /app/public/index.php on line 11
[10-Sep-2019 09:46:33 UTC] PHP Notice:  Undefined index: name in /app/public/index.php on line 21
[10-Sep-2019 09:46:33 UTC] PHP Notice:  Undefined index: country in /app/public/index.php on line 21
[10-Sep-2019 09:56:08 UTC] PHP Notice:  Undefined variable: posts in /app/public/index.php on line 11
[10-Sep-2019 09:56:08 UTC] PHP Warning:  Invalid argument supplied for foreach() in /app/public/index.php on line 11
[10-Sep-2019 09:56:08 UTC] PHP Notice:  Undefined index: name in /app/public/index.php on line 22
[10-Sep-2019 09:56:08 UTC] PHP Notice:  Undefined index: country in /app/public/index.php on line 22
[10-Sep-2019 09:56:08 UTC] PHP Notice:  Undefined variable: posts in /app/public/index.php on line 11
[10-Sep-2019 09:56:08 UTC] PHP Warning:  Invalid argument supplied for foreach() in /app/public/index.php on line 11
[10-Sep-2019 09:56:08 UTC] PHP Notice:  Undefined index: name in /app/public/index.php on line 22
[10-Sep-2019 09:56:08 UTC] PHP Notice:  Undefined index: country in /app/public/index.php on line 22
[10-Sep-2019 09:56:24 UTC] PHP Notice:  Undefined variable: posts in /app/public/index.php on line 11
[10-Sep-2019 09:56:24 UTC] PHP Warning:  Invalid argument supplied for foreach() in /app/public/index.php on line 11
[10-Sep-2019 09:56:25 UTC] PHP Notice:  Undefined variable: posts in /app/public/index.php on line 11
[10-Sep-2019 09:56:25 UTC] PHP Warning:  Invalid argument supplied for foreach() in /app/public/index.php on line 11
[10-Sep-2019 09:56:25 UTC] PHP Notice:  Undefined index: name in /app/public/index.php on line 22
[10-Sep-2019 09:56:25 UTC] PHP Notice:  Undefined index: country in /app/public/index.php on line 22
[10-Sep-2019 09:57:44 UTC] PHP Notice:  Undefined variable: posts in /app/public/index.php on line 11
[10-Sep-2019 09:57:44 UTC] PHP Warning:  Invalid argument supplied for foreach() in /app/public/index.php on line 11
[10-Sep-2019 09:57:45 UTC] PHP Notice:  Undefined variable: posts in /app/public/index.php on line 11
[10-Sep-2019 09:57:45 UTC] PHP Warning:  Invalid argument supplied for foreach() in /app/public/index.php on line 11
[10-Sep-2019 09:57:45 UTC] PHP Notice:  Undefined index: name in /app/public/index.php on line 22
[10-Sep-2019 09:57:45 UTC] PHP Notice:  Undefined index: country in /app/public/index.php on line 22
[10-Sep-2019 09:58:59 UTC] PHP Notice:  Undefined variable: posts in /app/public/index.php on line 11
[10-Sep-2019 09:58:59 UTC] PHP Warning:  Invalid argument supplied for foreach() in /app/public/index.php on line 11
[10-Sep-2019 09:59:00 UTC] PHP Notice:  Undefined variable: posts in /app/public/index.php on line 11
[10-Sep-2019 09:59:00 UTC] PHP Warning:  Invalid argument supplied for foreach() in /app/public/index.php on line 11
[10-Sep-2019 09:59:00 UTC] PHP Notice:  Undefined index: name in /app/public/index.php on line 22
[10-Sep-2019 09:59:00 UTC] PHP Notice:  Undefined index: country in /app/public/index.php on line 22
[10-Sep-2019 09:59:07 UTC] PHP Notice:  Undefined variable: posts in /app/public/index.php on line 11
[10-Sep-2019 09:59:07 UTC] PHP Warning:  Invalid argument supplied for foreach() in /app/public/index.php on line 11
[10-Sep-2019 09:59:07 UTC] PHP Notice:  Undefined variable: posts in /app/public/index.php on line 11
[10-Sep-2019 09:59:07 UTC] PHP Warning:  Invalid argument supplied for foreach() in /app/public/index.php on line 11
[10-Sep-2019 09:59:07 UTC] PHP Notice:  Undefined index: name in /app/public/index.php on line 22
[10-Sep-2019 09:59:07 UTC] PHP Notice:  Undefined index: country in /app/public/index.php on line 22
[10-Sep-2019 09:59:12 UTC] PHP Notice:  Undefined variable: posts in /app/public/index.php on line 11
[10-Sep-2019 09:59:12 UTC] PHP Warning:  Invalid argument supplied for foreach() in /app/public/index.php on line 11
[10-Sep-2019 09:59:12 UTC] PHP Notice:  Undefined variable: posts in /app/public/index.php on line 11
[10-Sep-2019 09:59:12 UTC] PHP Warning:  Invalid argument supplied for foreach() in /app/public/index.php on line 11
[10-Sep-2019 09:59:12 UTC] PHP Notice:  Undefined index: name in /app/public/index.php on line 22
[10-Sep-2019 09:59:12 UTC] PHP Notice:  Undefined index: country in /app/public/index.php on line 22
[10-Sep-2019 09:59:14 UTC] PHP Notice:  Undefined variable: posts in /app/public/index.php on line 11
[10-Sep-2019 09:59:14 UTC] PHP Warning:  Invalid argument supplied for foreach() in /app/public/index.php on line 11
[10-Sep-2019 09:59:14 UTC] PHP Notice:  Undefined variable: posts in /app/public/index.php on line 11
[10-Sep-2019 09:59:14 UTC] PHP Warning:  Invalid argument supplied for foreach() in /app/public/index.php on line 11
[10-Sep-2019 09:59:14 UTC] PHP Notice:  Undefined index: name in /app/public/index.php on line 22
[10-Sep-2019 09:59:14 UTC] PHP Notice:  Undefined index: country in /app/public/index.php on line 22
[10-Sep-2019 09:59:24 UTC] PHP Notice:  Undefined variable: posts in /app/public/index.php on line 11
[10-Sep-2019 09:59:24 UTC] PHP Warning:  Invalid argument supplied for foreach() in /app/public/index.php on line 11
[10-Sep-2019 09:59:24 UTC] PHP Notice:  Undefined variable: posts in /app/public/index.php on line 11
[10-Sep-2019 09:59:24 UTC] PHP Warning:  Invalid argument supplied for foreach() in /app/public/index.php on line 11
[10-Sep-2019 09:59:24 UTC] PHP Notice:  Undefined index: name in /app/public/index.php on line 22
[10-Sep-2019 09:59:24 UTC] PHP Notice:  Undefined index: country in /app/public/index.php on line 22
[10-Sep-2019 09:59:43 UTC] PHP Notice:  Undefined variable: posts in /app/public/index.php on line 11
[10-Sep-2019 09:59:43 UTC] PHP Warning:  Invalid argument supplied for foreach() in /app/public/index.php on line 11
[10-Sep-2019 09:59:43 UTC] PHP Notice:  Undefined variable: posts in /app/public/index.php on line 11
[10-Sep-2019 09:59:43 UTC] PHP Warning:  Invalid argument supplied for foreach() in /app/public/index.php on line 11
[10-Sep-2019 09:59:43 UTC] PHP Notice:  Undefined index: name in /app/public/index.php on line 22
[10-Sep-2019 09:59:43 UTC] PHP Notice:  Undefined index: country in /app/public/index.php on line 22
[10-Sep-2019 09:59:57 UTC] PHP Notice:  Undefined variable: posts in /app/public/index.php on line 11
[10-Sep-2019 09:59:57 UTC] PHP Warning:  Invalid argument supplied for foreach() in /app/public/index.php on line 11
[10-Sep-2019 09:59:57 UTC] PHP Notice:  Undefined index: name in /app/public/index.php on line 22
[10-Sep-2019 09:59:57 UTC] PHP Notice:  Undefined variable: posts in /app/public/index.php on line 11
[10-Sep-2019 09:59:57 UTC] PHP Warning:  Invalid argument supplied for foreach() in /app/public/index.php on line 11
[10-Sep-2019 09:59:57 UTC] PHP Notice:  Undefined index: name in /app/public/index.php on line 22
[10-Sep-2019 09:59:57 UTC] PHP Notice:  Undefined index: country in /app/public/index.php on line 22
[10-Sep-2019 10:00:20 UTC] PHP Notice:  Undefined variable: posts in /app/public/index.php on line 11
[10-Sep-2019 10:00:20 UTC] PHP Warning:  Invalid argument supplied for foreach() in /app/public/index.php on line 11
[10-Sep-2019 10:00:20 UTC] PHP Notice:  Undefined index: your+name in /app/public/index.php on line 22
[10-Sep-2019 10:00:21 UTC] PHP Notice:  Undefined variable: posts in /app/public/index.php on line 11
[10-Sep-2019 10:00:21 UTC] PHP Warning:  Invalid argument supplied for foreach() in /app/public/index.php on line 11
[10-Sep-2019 10:00:21 UTC] PHP Notice:  Undefined index: your+name in /app/public/index.php on line 22
[10-Sep-2019 10:00:21 UTC] PHP Notice:  Undefined index: country in /app/public/index.php on line 22
[10-Sep-2019 10:00:23 UTC] PHP Notice:  Undefined variable: posts in /app/public/index.php on line 11
[10-Sep-2019 10:00:23 UTC] PHP Warning:  Invalid argument supplied for foreach() in /app/public/index.php on line 11
[10-Sep-2019 10:00:23 UTC] PHP Notice:  Undefined index: your+name in /app/public/index.php on line 22
[10-Sep-2019 10:00:24 UTC] PHP Notice:  Undefined variable: posts in /app/public/index.php on line 11
[10-Sep-2019 10:00:24 UTC] PHP Warning:  Invalid argument supplied for foreach() in /app/public/index.php on line 11
[10-Sep-2019 10:00:24 UTC] PHP Notice:  Undefined index: your+name in /app/public/index.php on line 22
[10-Sep-2019 10:00:24 UTC] PHP Notice:  Undefined index: country in /app/public/index.php on line 22
[10-Sep-2019 10:00:50 UTC] PHP Notice:  Undefined variable: posts in /app/public/index.php on line 11
[10-Sep-2019 10:00:50 UTC] PHP Warning:  Invalid argument supplied for foreach() in /app/public/index.php on line 11
[10-Sep-2019 10:00:50 UTC] PHP Notice:  Undefined index: name in /app/public/index.php on line 22
[10-Sep-2019 10:00:51 UTC] PHP Notice:  Undefined variable: posts in /app/public/index.php on line 11
[10-Sep-2019 10:00:51 UTC] PHP Warning:  Invalid argument supplied for foreach() in /app/public/index.php on line 11
[10-Sep-2019 10:00:51 UTC] PHP Notice:  Undefined index: name in /app/public/index.php on line 22
[10-Sep-2019 10:00:51 UTC] PHP Notice:  Undefined index: country in /app/public/index.php on line 22
[10-Sep-2019 10:00:57 UTC] PHP Notice:  Undefined variable: posts in /app/public/index.php on line 11
[10-Sep-2019 10:00:57 UTC] PHP Warning:  Invalid argument supplied for foreach() in /app/public/index.php on line 11
[10-Sep-2019 10:00:57 UTC] PHP Notice:  Undefined variable: posts in /app/public/index.php on line 11
[10-Sep-2019 10:00:57 UTC] PHP Warning:  Invalid argument supplied for foreach() in /app/public/index.php on line 11
[10-Sep-2019 10:00:57 UTC] PHP Notice:  Undefined index: name in /app/public/index.php on line 22
[10-Sep-2019 10:00:57 UTC] PHP Notice:  Undefined index: country in /app/public/index.php on line 22
[10-Sep-2019 10:02:09 UTC] PHP Notice:  Undefined index: name in /app/public/index.php on line 18
[10-Sep-2019 10:02:09 UTC] PHP Notice:  Undefined index: country in /app/public/index.php on line 18
[10-Sep-2019 10:02:14 UTC] PHP Notice:  Undefined index: name in /app/public/index.php on line 18
[10-Sep-2019 10:02:14 UTC] PHP Notice:  Undefined index: country in /app/public/index.php on line 18
[10-Sep-2019 10:02:23 UTC] PHP Notice:  Undefined index: name in /app/public/index.php on line 18
[10-Sep-2019 10:02:23 UTC] PHP Notice:  Undefined index: country in /app/public/index.php on line 18
[11-Sep-2019 00:03:04 UTC] PHP Notice:  Undefined index: country in /app/public/index.php on line 18
[11-Sep-2019 00:03:10 UTC] PHP Notice:  Undefined index: country in /app/public/index.php on line 18
[11-Sep-2019 00:03:29 UTC] PHP Notice:  Undefined index: country in /app/public/index.php on line 18
[11-Sep-2019 00:09:36 UTC] PHP Notice:  Undefined index: name in /app/public/index.php on line 18
[11-Sep-2019 00:09:36 UTC] PHP Notice:  Undefined index: country in /app/public/index.php on line 18
[11-Sep-2019 00:09:36 UTC] PHP Notice:  Undefined index: name in /app/public/index.php on line 20
[11-Sep-2019 00:10:26 UTC] PHP Notice:  Undefined index: country in /app/public/index.php on line 18
[11-Sep-2019 00:10:26 UTC] PHP Notice:  Undefined index: country in /app/public/index.php on line 18
[11-Sep-2019 00:10:26 UTC] PHP Notice:  Undefined index: name in /app/public/index.php on line 20
[11-Sep-2019 00:10:36 UTC] PHP Notice:  Undefined index: country in /app/public/index.php on line 18
[11-Sep-2019 00:10:36 UTC] PHP Notice:  Undefined index: country in /app/public/index.php on line 18
[11-Sep-2019 00:10:36 UTC] PHP Notice:  Undefined index: name in /app/public/index.php on line 20
[11-Sep-2019 00:11:02 UTC] PHP Notice:  Undefined index: name in /app/public/index.php on line 18
[11-Sep-2019 00:11:02 UTC] PHP Notice:  Undefined index: country in /app/public/index.php on line 18
[11-Sep-2019 00:11:02 UTC] PHP Notice:  Undefined index: name in /app/public/index.php on line 20
[11-Sep-2019 00:11:13 UTC] PHP Notice:  Undefined index: name in /app/public/index.php on line 18
[11-Sep-2019 00:11:13 UTC] PHP Notice:  Undefined index: country in /app/public/index.php on line 18
[11-Sep-2019 00:11:13 UTC] PHP Notice:  Undefined index: name in /app/public/index.php on line 20
